[19-05-2025 19:13:29] Script is starting
[19-05-2025 19:18:28] Script is starting
[19-05-2025 19:18:53] Script is starting
[19-05-2025 19:19:17] Script is starting
[19-05-2025 19:19:44] Script is starting
[19-05-2025 19:21:55] Script is starting
[19-05-2025 19:21:55] Script successfully run
[19-05-2025 19:22:14] Script is starting
[19-05-2025 19:23:15] Script is starting
[19-05-2025 19:23:15] Script successfully run
[19-05-2025 19:24:13] Script is starting
[19-05-2025 19:24:46] Script is starting
[19-05-2025 19:24:59] Script is starting
[19-05-2025 19:24:59] Script successfully run
[19-05-2025 19:31:05] 1 Script is starting
[19-05-2025 19:31:08] 1 Script successfully run
[19-05-2025 19:31:45] [INFO] Script is starting
[19-05-2025 19:31:45] [INFO] Script successfully run
[19-05-2025 19:32:16] [INFO] Script is starting
[19-05-2025 19:32:16] [ERROR] File does not exist
